<?xml version="1.0" encoding="UTF-8"?>
<testng-results skipped="0" failed="0" total="6" passed="6">
  <reporter-output>
    <line>
      <![CDATA[Verifying the actual value with the expected value]]>
    </line>
    <line>
      <![CDATA[]]>
    </line>
    <line>
      <![CDATA[Verifying the actual value with the expected value]]>
    </line>
    <line>
      <![CDATA[]]>
    </line>
    <line>
      <![CDATA[Verifying the actual value with the expected value]]>
    </line>
    <line>
      <![CDATA[]]>
    </line>
    <line>
      <![CDATA[Verifying the actual value with the expected value]]>
    </line>
    <line>
      <![CDATA[]]>
    </line>
    <line>
      <![CDATA[Verifying the actual value with the expected value]]>
    </line>
    <line>
      <![CDATA[]]>
    </line>
    <line>
      <![CDATA[Verifying the actual value with the expected value]]>
    </line>
    <line>
      <![CDATA[]]>
    </line>
  </reporter-output>
  <suite name="CBS_TestSuite" duration-ms="42485" started-at="2016-01-19T00:22:15Z" finished-at="2016-01-19T00:22:57Z">
    <groups>
      <group name="regression">
        <method signature="CBS_TC_SUITE_Test.testNav()[pri:0, instance:com.cbs.testsuite.CBS_TC_SUITE_Test@641ab54a]" name="testNav" class="com.cbs.testsuite.CBS_TC_SUITE_Test"/>
        <method signature="CBS_TC_SUITE_Test.menuItemListsTest()[pri:0, instance:com.cbs.testsuite.CBS_TC_SUITE_Test@641ab54a]" name="menuItemListsTest" class="com.cbs.testsuite.CBS_TC_SUITE_Test"/>
        <method signature="CBS_TC_SUITE_Test.testNav()[pri:0, instance:com.cbs.testsuite.CBS_TC_SUITE_Test@1c057a1e]" name="testNav" class="com.cbs.testsuite.CBS_TC_SUITE_Test"/>
        <method signature="CBS_TC_SUITE_Test.menuItemListsTest()[pri:0, instance:com.cbs.testsuite.CBS_TC_SUITE_Test@1c057a1e]" name="menuItemListsTest" class="com.cbs.testsuite.CBS_TC_SUITE_Test"/>
      </group> <!-- regression -->
      <group name="nightly">
        <method signature="CBS_TC_SUITE_Test.testNav()[pri:0, instance:com.cbs.testsuite.CBS_TC_SUITE_Test@641ab54a]" name="testNav" class="com.cbs.testsuite.CBS_TC_SUITE_Test"/>
        <method signature="CBS_TC_SUITE_Test.testNav()[pri:0, instance:com.cbs.testsuite.CBS_TC_SUITE_Test@1c057a1e]" name="testNav" class="com.cbs.testsuite.CBS_TC_SUITE_Test"/>
      </group> <!-- nightly -->
    </groups>
    <test name="CBS_Homepage_Firefox" duration-ms="39141" started-at="2016-01-19T00:22:15Z" finished-at="2016-01-19T00:22:54Z">
      <class name="com.cbs.testsuite.SearchResults_Test">
        <test-method status="PASS" signature="setUp()[pri:0, instance:com.cbs.testsuite.SearchResults_Test@4f5bec86]" name="setUp" is-config="true" duration-ms="6978" started-at="2016-01-18T19:22:15Z" finished-at="2016-01-18T19:22:22Z">
          <reporter-output>
          </reporter-output>
        </test-method> <!-- setUp -->
        <test-method status="PASS" signature="testSearchPage()[pri:0, instance:com.cbs.testsuite.SearchResults_Test@4f5bec86]" name="testSearchPage" duration-ms="4639" started-at="2016-01-18T19:22:47Z" finished-at="2016-01-18T19:22:51Z">
          <reporter-output>
          </reporter-output>
        </test-method> <!-- testSearchPage -->
        <test-method status="PASS" signature="tearDown()[pri:0, instance:com.cbs.testsuite.SearchResults_Test@4f5bec86]" name="tearDown" is-config="true" duration-ms="624" started-at="2016-01-18T19:22:53Z" finished-at="2016-01-18T19:22:54Z">
          <reporter-output>
          </reporter-output>
        </test-method> <!-- tearDown -->
      </class> <!-- com.cbs.testsuite.SearchResults_Test -->
      <class name="com.cbs.testsuite.CBS_TC_SUITE_Test">
        <test-method status="PASS" signature="setUp()[pri:0, instance:com.cbs.testsuite.CBS_TC_SUITE_Test@1c057a1e]" name="setUp" is-config="true" duration-ms="6596" started-at="2016-01-18T19:22:22Z" finished-at="2016-01-18T19:22:28Z">
          <reporter-output>
          </reporter-output>
        </test-method> <!-- setUp -->
        <test-method status="PASS" signature="testNav()[pri:0, instance:com.cbs.testsuite.CBS_TC_SUITE_Test@1c057a1e]" name="testNav" duration-ms="18392" started-at="2016-01-18T19:22:28Z" finished-at="2016-01-18T19:22:46Z">
          <reporter-output>
            <line>
              <![CDATA[Verifying the actual value with the expected value]]>
            </line>
            <line>
              <![CDATA[]]>
            </line>
            <line>
              <![CDATA[Verifying the actual value with the expected value]]>
            </line>
            <line>
              <![CDATA[]]>
            </line>
            <line>
              <![CDATA[Verifying the actual value with the expected value]]>
            </line>
            <line>
              <![CDATA[]]>
            </line>
          </reporter-output>
        </test-method> <!-- testNav -->
        <test-method status="PASS" signature="tearDown(org.testng.ITestResult)[pri:0, instance:com.cbs.testsuite.CBS_TC_SUITE_Test@1c057a1e]" name="tearDown" is-config="true" duration-ms="0" started-at="2016-01-18T19:22:47Z" finished-at="2016-01-18T19:22:47Z">
          <params>
            <param index="0">
              <value>
                <![CDATA[[TestResult name=testNav status=SUCCESS method=CBS_TC_SUITE_Test.testNav()[pri:0, instance:com.cbs.testsuite.CBS_TC_SUITE_Test@1c057a1e] output=Verifying the actual value with the expected value]]]>
              </value>
            </param>
          </params>
          <reporter-output>
          </reporter-output>
        </test-method> <!-- tearDown -->
        <test-method status="PASS" signature="menuItemListsTest()[pri:0, instance:com.cbs.testsuite.CBS_TC_SUITE_Test@1c057a1e]" name="menuItemListsTest" duration-ms="1268" started-at="2016-01-18T19:22:51Z" depends-on-methods="com.cbs.testsuite.CBS_TC_SUITE_Test.testNav" finished-at="2016-01-18T19:22:52Z">
          <reporter-output>
          </reporter-output>
        </test-method> <!-- menuItemListsTest -->
        <test-method status="PASS" signature="tearDown(org.testng.ITestResult)[pri:0, instance:com.cbs.testsuite.CBS_TC_SUITE_Test@1c057a1e]" name="tearDown" is-config="true" duration-ms="0" started-at="2016-01-18T19:22:52Z" finished-at="2016-01-18T19:22:52Z">
          <params>
            <param index="0">
              <value>
                <![CDATA[[TestResult name=menuItemListsTest status=SUCCESS method=CBS_TC_SUITE_Test.menuItemListsTest()[pri:0, instance:com.cbs.testsuite.CBS_TC_SUITE_Test@1c057a1e] output={null}]]]>
              </value>
            </param>
          </params>
          <reporter-output>
          </reporter-output>
        </test-method> <!-- tearDown -->
        <test-method status="PASS" signature="afterMethod()[pri:0, instance:com.cbs.testsuite.CBS_TC_SUITE_Test@1c057a1e]" name="afterMethod" is-config="true" duration-ms="632" started-at="2016-01-18T19:22:52Z" finished-at="2016-01-18T19:22:53Z">
          <reporter-output>
          </reporter-output>
        </test-method> <!-- afterMethod -->
      </class> <!-- com.cbs.testsuite.CBS_TC_SUITE_Test -->
    </test> <!-- CBS_Homepage_Firefox -->
    <test name="CBS_Homepage_Chrome" duration-ms="42485" started-at="2016-01-19T00:22:15Z" finished-at="2016-01-19T00:22:57Z">
      <class name="com.cbs.testsuite.SearchResults_Test">
        <test-method status="PASS" signature="setUp()[pri:0, instance:com.cbs.testsuite.SearchResults_Test@61a243f1]" name="setUp" is-config="true" duration-ms="9739" started-at="2016-01-18T19:22:15Z" finished-at="2016-01-18T19:22:24Z">
          <reporter-output>
          </reporter-output>
        </test-method> <!-- setUp -->
        <test-method status="PASS" signature="testSearchPage()[pri:0, instance:com.cbs.testsuite.SearchResults_Test@61a243f1]" name="testSearchPage" duration-ms="5794" started-at="2016-01-18T19:22:49Z" finished-at="2016-01-18T19:22:55Z">
          <reporter-output>
          </reporter-output>
        </test-method> <!-- testSearchPage -->
        <test-method status="PASS" signature="tearDown()[pri:0, instance:com.cbs.testsuite.SearchResults_Test@61a243f1]" name="tearDown" is-config="true" duration-ms="601" started-at="2016-01-18T19:22:56Z" finished-at="2016-01-18T19:22:57Z">
          <reporter-output>
          </reporter-output>
        </test-method> <!-- tearDown -->
      </class> <!-- com.cbs.testsuite.SearchResults_Test -->
      <class name="com.cbs.testsuite.CBS_TC_SUITE_Test">
        <test-method status="PASS" signature="setUp()[pri:0, instance:com.cbs.testsuite.CBS_TC_SUITE_Test@641ab54a]" name="setUp" is-config="true" duration-ms="6186" started-at="2016-01-18T19:22:24Z" finished-at="2016-01-18T19:22:30Z">
          <reporter-output>
          </reporter-output>
        </test-method> <!-- setUp -->
        <test-method status="PASS" signature="testNav()[pri:0, instance:com.cbs.testsuite.CBS_TC_SUITE_Test@641ab54a]" name="testNav" duration-ms="18358" started-at="2016-01-18T19:22:30Z" finished-at="2016-01-18T19:22:49Z">
          <reporter-output>
            <line>
              <![CDATA[Verifying the actual value with the expected value]]>
            </line>
            <line>
              <![CDATA[]]>
            </line>
            <line>
              <![CDATA[Verifying the actual value with the expected value]]>
            </line>
            <line>
              <![CDATA[]]>
            </line>
            <line>
              <![CDATA[Verifying the actual value with the expected value]]>
            </line>
            <line>
              <![CDATA[]]>
            </line>
          </reporter-output>
        </test-method> <!-- testNav -->
        <test-method status="PASS" signature="tearDown(org.testng.ITestResult)[pri:0, instance:com.cbs.testsuite.CBS_TC_SUITE_Test@641ab54a]" name="tearDown" is-config="true" duration-ms="1" started-at="2016-01-18T19:22:49Z" finished-at="2016-01-18T19:22:49Z">
          <params>
            <param index="0">
              <value>
                <![CDATA[[TestResult name=testNav status=SUCCESS method=CBS_TC_SUITE_Test.testNav()[pri:0, instance:com.cbs.testsuite.CBS_TC_SUITE_Test@641ab54a] output=Verifying the actual value with the expected value]]]>
              </value>
            </param>
          </params>
          <reporter-output>
          </reporter-output>
        </test-method> <!-- tearDown -->
        <test-method status="PASS" signature="menuItemListsTest()[pri:0, instance:com.cbs.testsuite.CBS_TC_SUITE_Test@641ab54a]" name="menuItemListsTest" duration-ms="1237" started-at="2016-01-18T19:22:55Z" depends-on-methods="com.cbs.testsuite.CBS_TC_SUITE_Test.testNav" finished-at="2016-01-18T19:22:56Z">
          <reporter-output>
          </reporter-output>
        </test-method> <!-- menuItemListsTest -->
        <test-method status="PASS" signature="tearDown(org.testng.ITestResult)[pri:0, instance:com.cbs.testsuite.CBS_TC_SUITE_Test@641ab54a]" name="tearDown" is-config="true" duration-ms="1" started-at="2016-01-18T19:22:56Z" finished-at="2016-01-18T19:22:56Z">
          <params>
            <param index="0">
              <value>
                <![CDATA[[TestResult name=menuItemListsTest status=SUCCESS method=CBS_TC_SUITE_Test.menuItemListsTest()[pri:0, instance:com.cbs.testsuite.CBS_TC_SUITE_Test@641ab54a] output={null}]]]>
              </value>
            </param>
          </params>
          <reporter-output>
          </reporter-output>
        </test-method> <!-- tearDown -->
        <test-method status="PASS" signature="afterMethod()[pri:0, instance:com.cbs.testsuite.CBS_TC_SUITE_Test@641ab54a]" name="afterMethod" is-config="true" duration-ms="565" started-at="2016-01-18T19:22:56Z" finished-at="2016-01-18T19:22:56Z">
          <reporter-output>
          </reporter-output>
        </test-method> <!-- afterMethod -->
      </class> <!-- com.cbs.testsuite.CBS_TC_SUITE_Test -->
    </test> <!-- CBS_Homepage_Chrome -->
  </suite> <!-- CBS_TestSuite -->
</testng-results>
