<?xml version="1.0" encoding="UTF-8"?>
<testng-results skipped="0" failed="0" total="6" passed="6">
  <reporter-output>
    <line>
      <![CDATA[Verifying the actual value with the expected value]]>
    </line>
    <line>
      <![CDATA[]]>
    </line>
    <line>
      <![CDATA[Verifying the actual value with the expected value]]>
    </line>
    <line>
      <![CDATA[]]>
    </line>
    <line>
      <![CDATA[Verifying the actual value with the expected value]]>
    </line>
    <line>
      <![CDATA[]]>
    </line>
    <line>
      <![CDATA[Verifying the actual value with the expected value]]>
    </line>
    <line>
      <![CDATA[]]>
    </line>
    <line>
      <![CDATA[Verifying the actual value with the expected value]]>
    </line>
    <line>
      <![CDATA[]]>
    </line>
    <line>
      <![CDATA[Verifying the actual value with the expected value]]>
    </line>
    <line>
      <![CDATA[]]>
    </line>
  </reporter-output>
  <suite name="CBS_TestSuite" duration-ms="42236" started-at="2016-01-18T22:11:34Z" finished-at="2016-01-18T22:12:16Z">
    <groups>
      <group name="regression">
        <method signature="CBS_TC_SUITE_Test.testNav()[pri:0, instance:com.cbs.testsuite.CBS_TC_SUITE_Test@7eceb95b]" name="testNav" class="com.cbs.testsuite.CBS_TC_SUITE_Test"/>
        <method signature="CBS_TC_SUITE_Test.menuItemListsTest()[pri:0, instance:com.cbs.testsuite.CBS_TC_SUITE_Test@7eceb95b]" name="menuItemListsTest" class="com.cbs.testsuite.CBS_TC_SUITE_Test"/>
        <method signature="CBS_TC_SUITE_Test.testNav()[pri:0, instance:com.cbs.testsuite.CBS_TC_SUITE_Test@6d78e506]" name="testNav" class="com.cbs.testsuite.CBS_TC_SUITE_Test"/>
        <method signature="CBS_TC_SUITE_Test.menuItemListsTest()[pri:0, instance:com.cbs.testsuite.CBS_TC_SUITE_Test@6d78e506]" name="menuItemListsTest" class="com.cbs.testsuite.CBS_TC_SUITE_Test"/>
      </group> <!-- regression -->
      <group name="nightly">
        <method signature="CBS_TC_SUITE_Test.testNav()[pri:0, instance:com.cbs.testsuite.CBS_TC_SUITE_Test@7eceb95b]" name="testNav" class="com.cbs.testsuite.CBS_TC_SUITE_Test"/>
        <method signature="CBS_TC_SUITE_Test.testNav()[pri:0, instance:com.cbs.testsuite.CBS_TC_SUITE_Test@6d78e506]" name="testNav" class="com.cbs.testsuite.CBS_TC_SUITE_Test"/>
      </group> <!-- nightly -->
    </groups>
    <test name="CBS_Homepage_Chrome" duration-ms="39021" started-at="2016-01-18T22:11:34Z" finished-at="2016-01-18T22:12:13Z">
      <class name="com.cbs.testsuite.SearchResults_Test">
        <test-method status="PASS" signature="setUp()[pri:0, instance:com.cbs.testsuite.SearchResults_Test@4deafe13]" name="setUp" is-config="true" duration-ms="6935" started-at="2016-01-18T17:11:34Z" finished-at="2016-01-18T17:11:41Z">
          <reporter-output>
          </reporter-output>
        </test-method> <!-- setUp -->
        <test-method status="PASS" signature="testSearchPage()[pri:0, instance:com.cbs.testsuite.SearchResults_Test@4deafe13]" name="testSearchPage" duration-ms="5160" started-at="2016-01-18T17:12:05Z" finished-at="2016-01-18T17:12:11Z">
          <reporter-output>
          </reporter-output>
        </test-method> <!-- testSearchPage -->
        <test-method status="PASS" signature="tearDown()[pri:0, instance:com.cbs.testsuite.SearchResults_Test@4deafe13]" name="tearDown" is-config="true" duration-ms="601" started-at="2016-01-18T17:12:13Z" finished-at="2016-01-18T17:12:13Z">
          <reporter-output>
          </reporter-output>
        </test-method> <!-- tearDown -->
      </class> <!-- com.cbs.testsuite.SearchResults_Test -->
      <class name="com.cbs.testsuite.CBS_TC_SUITE_Test">
        <test-method status="PASS" signature="beforeMethod()[pri:0, instance:com.cbs.testsuite.CBS_TC_SUITE_Test@7eceb95b]" name="beforeMethod" is-config="true" duration-ms="5917" started-at="2016-01-18T17:11:41Z" finished-at="2016-01-18T17:11:47Z">
          <reporter-output>
          </reporter-output>
        </test-method> <!-- beforeMethod -->
        <test-method status="PASS" signature="testNav()[pri:0, instance:com.cbs.testsuite.CBS_TC_SUITE_Test@7eceb95b]" name="testNav" duration-ms="18415" started-at="2016-01-18T17:11:47Z" finished-at="2016-01-18T17:12:05Z">
          <reporter-output>
            <line>
              <![CDATA[Verifying the actual value with the expected value]]>
            </line>
            <line>
              <![CDATA[]]>
            </line>
            <line>
              <![CDATA[Verifying the actual value with the expected value]]>
            </line>
            <line>
              <![CDATA[]]>
            </line>
            <line>
              <![CDATA[Verifying the actual value with the expected value]]>
            </line>
            <line>
              <![CDATA[]]>
            </line>
          </reporter-output>
        </test-method> <!-- testNav -->
        <test-method status="PASS" signature="tearDown(org.testng.ITestResult)[pri:0, instance:com.cbs.testsuite.CBS_TC_SUITE_Test@7eceb95b]" name="tearDown" is-config="true" duration-ms="0" started-at="2016-01-18T17:12:05Z" finished-at="2016-01-18T17:12:05Z">
          <params>
            <param index="0">
              <value>
                <![CDATA[[TestResult name=testNav status=SUCCESS method=CBS_TC_SUITE_Test.testNav()[pri:0, instance:com.cbs.testsuite.CBS_TC_SUITE_Test@7eceb95b] output=Verifying the actual value with the expected value]]]>
              </value>
            </param>
          </params>
          <reporter-output>
          </reporter-output>
        </test-method> <!-- tearDown -->
        <test-method status="PASS" signature="menuItemListsTest()[pri:0, instance:com.cbs.testsuite.CBS_TC_SUITE_Test@7eceb95b]" name="menuItemListsTest" duration-ms="1355" started-at="2016-01-18T17:12:11Z" depends-on-methods="com.cbs.testsuite.CBS_TC_SUITE_Test.testNav" finished-at="2016-01-18T17:12:12Z">
          <reporter-output>
          </reporter-output>
        </test-method> <!-- menuItemListsTest -->
        <test-method status="PASS" signature="afterMethod()[pri:0, instance:com.cbs.testsuite.CBS_TC_SUITE_Test@7eceb95b]" name="afterMethod" is-config="true" duration-ms="627" started-at="2016-01-18T17:12:12Z" finished-at="2016-01-18T17:12:13Z">
          <reporter-output>
          </reporter-output>
        </test-method> <!-- afterMethod -->
        <test-method status="PASS" signature="tearDown(org.testng.ITestResult)[pri:0, instance:com.cbs.testsuite.CBS_TC_SUITE_Test@7eceb95b]" name="tearDown" is-config="true" duration-ms="0" started-at="2016-01-18T17:12:12Z" finished-at="2016-01-18T17:12:12Z">
          <params>
            <param index="0">
              <value>
                <![CDATA[[TestResult name=menuItemListsTest status=SUCCESS method=CBS_TC_SUITE_Test.menuItemListsTest()[pri:0, instance:com.cbs.testsuite.CBS_TC_SUITE_Test@7eceb95b] output={null}]]]>
              </value>
            </param>
          </params>
          <reporter-output>
          </reporter-output>
        </test-method> <!-- tearDown -->
      </class> <!-- com.cbs.testsuite.CBS_TC_SUITE_Test -->
    </test> <!-- CBS_Homepage_Chrome -->
    <test name="CBS_Homepage_Firefox" duration-ms="42236" started-at="2016-01-18T22:11:34Z" finished-at="2016-01-18T22:12:16Z">
      <class name="com.cbs.testsuite.SearchResults_Test">
        <test-method status="PASS" signature="setUp()[pri:0, instance:com.cbs.testsuite.SearchResults_Test@2296c1d]" name="setUp" is-config="true" duration-ms="8689" started-at="2016-01-18T17:11:34Z" finished-at="2016-01-18T17:11:43Z">
          <reporter-output>
          </reporter-output>
        </test-method> <!-- setUp -->
        <test-method status="PASS" signature="testSearchPage()[pri:0, instance:com.cbs.testsuite.SearchResults_Test@2296c1d]" name="testSearchPage" duration-ms="5154" started-at="2016-01-18T17:12:09Z" finished-at="2016-01-18T17:12:14Z">
          <reporter-output>
          </reporter-output>
        </test-method> <!-- testSearchPage -->
        <test-method status="PASS" signature="tearDown()[pri:0, instance:com.cbs.testsuite.SearchResults_Test@2296c1d]" name="tearDown" is-config="true" duration-ms="650" started-at="2016-01-18T17:12:16Z" finished-at="2016-01-18T17:12:16Z">
          <reporter-output>
          </reporter-output>
        </test-method> <!-- tearDown -->
      </class> <!-- com.cbs.testsuite.SearchResults_Test -->
      <class name="com.cbs.testsuite.CBS_TC_SUITE_Test">
        <test-method status="PASS" signature="beforeMethod()[pri:0, instance:com.cbs.testsuite.CBS_TC_SUITE_Test@6d78e506]" name="beforeMethod" is-config="true" duration-ms="7501" started-at="2016-01-18T17:11:43Z" finished-at="2016-01-18T17:11:50Z">
          <reporter-output>
          </reporter-output>
        </test-method> <!-- beforeMethod -->
        <test-method status="PASS" signature="testNav()[pri:0, instance:com.cbs.testsuite.CBS_TC_SUITE_Test@6d78e506]" name="testNav" duration-ms="18368" started-at="2016-01-18T17:11:50Z" finished-at="2016-01-18T17:12:09Z">
          <reporter-output>
            <line>
              <![CDATA[Verifying the actual value with the expected value]]>
            </line>
            <line>
              <![CDATA[]]>
            </line>
            <line>
              <![CDATA[Verifying the actual value with the expected value]]>
            </line>
            <line>
              <![CDATA[]]>
            </line>
            <line>
              <![CDATA[Verifying the actual value with the expected value]]>
            </line>
            <line>
              <![CDATA[]]>
            </line>
          </reporter-output>
        </test-method> <!-- testNav -->
        <test-method status="PASS" signature="tearDown(org.testng.ITestResult)[pri:0, instance:com.cbs.testsuite.CBS_TC_SUITE_Test@6d78e506]" name="tearDown" is-config="true" duration-ms="0" started-at="2016-01-18T17:12:09Z" finished-at="2016-01-18T17:12:09Z">
          <params>
            <param index="0">
              <value>
                <![CDATA[[TestResult name=testNav status=SUCCESS method=CBS_TC_SUITE_Test.testNav()[pri:0, instance:com.cbs.testsuite.CBS_TC_SUITE_Test@6d78e506] output=Verifying the actual value with the expected value]]]>
              </value>
            </param>
          </params>
          <reporter-output>
          </reporter-output>
        </test-method> <!-- tearDown -->
        <test-method status="PASS" signature="menuItemListsTest()[pri:0, instance:com.cbs.testsuite.CBS_TC_SUITE_Test@6d78e506]" name="menuItemListsTest" duration-ms="1286" started-at="2016-01-18T17:12:14Z" depends-on-methods="com.cbs.testsuite.CBS_TC_SUITE_Test.testNav" finished-at="2016-01-18T17:12:15Z">
          <reporter-output>
          </reporter-output>
        </test-method> <!-- menuItemListsTest -->
        <test-method status="PASS" signature="tearDown(org.testng.ITestResult)[pri:0, instance:com.cbs.testsuite.CBS_TC_SUITE_Test@6d78e506]" name="tearDown" is-config="true" duration-ms="0" started-at="2016-01-18T17:12:15Z" finished-at="2016-01-18T17:12:15Z">
          <params>
            <param index="0">
              <value>
                <![CDATA[[TestResult name=menuItemListsTest status=SUCCESS method=CBS_TC_SUITE_Test.menuItemListsTest()[pri:0, instance:com.cbs.testsuite.CBS_TC_SUITE_Test@6d78e506] output={null}]]]>
              </value>
            </param>
          </params>
          <reporter-output>
          </reporter-output>
        </test-method> <!-- tearDown -->
        <test-method status="PASS" signature="afterMethod()[pri:0, instance:com.cbs.testsuite.CBS_TC_SUITE_Test@6d78e506]" name="afterMethod" is-config="true" duration-ms="585" started-at="2016-01-18T17:12:15Z" finished-at="2016-01-18T17:12:16Z">
          <reporter-output>
          </reporter-output>
        </test-method> <!-- afterMethod -->
      </class> <!-- com.cbs.testsuite.CBS_TC_SUITE_Test -->
    </test> <!-- CBS_Homepage_Firefox -->
  </suite> <!-- CBS_TestSuite -->
</testng-results>
