<?xml version="1.0" encoding="UTF-8"?>
<!-- Generated by org.testng.reporters.JUnitXMLReporter -->
<testsuite hostname="ryan-pc" name="CBS_Homepage_Firefox" tests="3" failures="0" timestamp="19 Jan 2016 16:22:57 GMT" time="43.206" errors="0">
  <testcase name="testNav" time="18.466" classname="com.cbs.testsuite.CBS_TC_SUITE_Test"/>
  <testcase name="testSearchPage" time="5.176" classname="com.cbs.testsuite.SearchResults_Test"/>
  <testcase name="menuItemListsTest" time="1.24" classname="com.cbs.testsuite.CBS_TC_SUITE_Test"/>
</testsuite> <!-- CBS_Homepage_Firefox -->
