<?xml version="1.0" encoding="UTF-8"?>
<!-- Generated by org.testng.reporters.JUnitXMLReporter -->
<testsuite hostname="ryan-pc" name="CBS_Homepage_Chrome" tests="3" failures="0" timestamp="18 Jan 2016 21:38:30 GMT" time="42.225" errors="0">
  <testcase name="testNav" time="18.357" classname="com.cbs.testsuite.CBS_TC_SUITE_Test"/>
  <testcase name="testSearchPage" time="5.384" classname="com.cbs.testsuite.SearchResults_Test"/>
  <testcase name="menuItemListsTest" time="1.275" classname="com.cbs.testsuite.CBS_TC_SUITE_Test"/>
</testsuite> <!-- CBS_Homepage_Chrome -->
