<?xml version="1.0" encoding="UTF-8"?>
<!-- Generated by org.testng.reporters.JUnitXMLReporter -->
<testsuite hostname="ryan-pc" name="Command line test" tests="3" failures="0" timestamp="18 Jan 2016 19:44:14 GMT" time="32.359" errors="0">
  <testcase name="testNav" time="18.346" classname="com.cbs.testsuite.CBS_TC_SUITE_Test"/>
  <testcase name="searchPageTest" time="5.143" classname="com.cbs.testsuite.CBS_TC_SUITE_Test"/>
  <testcase name="menuItemListsTest" time="1.542" classname="com.cbs.testsuite.CBS_TC_SUITE_Test"/>
</testsuite> <!-- Command line test -->
